{"/Users/nastakukutina/Documents/workspace/syntactic-constructions/src/js/app.js": {"path":"/Users/nastakukutina/Documents/workspace/syntactic-constructions/src/js/app.js","statementMap":{"0":{"start":{"line":1,"column":19},"end":{"line":6,"column":1}},"1":{"start":{"line":2,"column":2},"end":{"line":4,"column":3}},"2":{"start":{"line":3,"column":4},"end":{"line":3,"column":17}},"3":{"start":{"line":5,"column":2},"end":{"line":5,"column":39}},"4":{"start":{"line":8,"column":0},"end":{"line":12,"column":1}},"5":{"start":{"line":9,"column":2},"end":{"line":9,"column":18}},"6":{"start":{"line":11,"column":2},"end":{"line":11,"column":17}}},"fnMap":{"0":{"name":"(anonymous_0)","decl":{"start":{"line":1,"column":19},"end":{"line":1,"column":20}},"loc":{"start":{"line":1,"column":30},"end":{"line":6,"column":1}},"line":1}},"branchMap":{"0":{"loc":{"start":{"line":2,"column":2},"end":{"line":4,"column":3}},"type":"if","locations":[{"start":{"line":2,"column":2},"end":{"line":4,"column":3}},{"start":{},"end":{}}],"line":2},"1":{"loc":{"start":{"line":2,"column":6},"end":{"line":2,"column":67}},"type":"binary-expr","locations":[{"start":{"line":2,"column":6},"end":{"line":2,"column":31}},{"start":{"line":2,"column":35},"end":{"line":2,"column":67}}],"line":2}},"s":{"0":1,"1":3,"2":1,"3":2,"4":1,"5":1,"6":1},"f":{"0":3},"b":{"0":[1,2],"1":[3,1]},"_coverageSchema":"1a1c01bbd47fc00a2c39e90264f33305004495a9","hash":"2d65b165e82164d398bf4bce2bb67148d2f42f34"}
,"/Users/nastakukutina/Documents/workspace/syntactic-constructions/src/js/closures.js": {"path":"/Users/nastakukutina/Documents/workspace/syntactic-constructions/src/js/closures.js","statementMap":{"0":{"start":{"line":1,"column":15},"end":{"line":5,"column":1}},"1":{"start":{"line":8,"column":2},"end":{"line":8,"column":39}},"2":{"start":{"line":8,"column":19},"end":{"line":8,"column":38}},"3":{"start":{"line":11,"column":0},"end":{"line":11,"column":51}}},"fnMap":{"0":{"name":"findBy","decl":{"start":{"line":7,"column":9},"end":{"line":7,"column":15}},"loc":{"start":{"line":7,"column":28},"end":{"line":9,"column":1}},"line":7},"1":{"name":"(anonymous_1)","decl":{"start":{"line":8,"column":9},"end":{"line":8,"column":10}},"loc":{"start":{"line":8,"column":19},"end":{"line":8,"column":38}},"line":8}},"branchMap":{},"s":{"0":1,"1":2,"2":4,"3":1},"f":{"0":2,"1":4},"b":{},"_coverageSchema":"1a1c01bbd47fc00a2c39e90264f33305004495a9","hash":"2f8e85a4df66851f9d2cbdc7b5ace1ddbdf1d9a8"}
,"/Users/nastakukutina/Documents/workspace/syntactic-constructions/src/js/closures2.js": {"path":"/Users/nastakukutina/Documents/workspace/syntactic-constructions/src/js/closures2.js","statementMap":{"0":{"start":{"line":2,"column":17},"end":{"line":2,"column":19}},"1":{"start":{"line":5,"column":12},"end":{"line":5,"column":13}},"2":{"start":{"line":6,"column":4},"end":{"line":8,"column":7}},"3":{"start":{"line":7,"column":6},"end":{"line":7,"column":40}},"4":{"start":{"line":9,"column":4},"end":{"line":9,"column":13}},"5":{"start":{"line":12,"column":2},"end":{"line":45,"column":5}},"6":{"start":{"line":13,"column":21},"end":{"line":13,"column":25}},"7":{"start":{"line":15,"column":28},"end":{"line":15,"column":61}},"8":{"start":{"line":16,"column":21},"end":{"line":16,"column":40}},"9":{"start":{"line":17,"column":26},"end":{"line":17,"column":56}},"10":{"start":{"line":18,"column":6},"end":{"line":42,"column":9}},"11":{"start":{"line":19,"column":8},"end":{"line":23,"column":9}},"12":{"start":{"line":20,"column":20},"end":{"line":20,"column":34}},"13":{"start":{"line":21,"column":22},"end":{"line":21,"column":81}},"14":{"start":{"line":21,"column":42},"end":{"line":21,"column":61}},"15":{"start":{"line":22,"column":10},"end":{"line":22,"column":29}},"16":{"start":{"line":24,"column":8},"end":{"line":41,"column":9}},"17":{"start":{"line":25,"column":34},"end":{"line":25,"column":64}},"18":{"start":{"line":26,"column":10},"end":{"line":30,"column":11}},"19":{"start":{"line":27,"column":12},"end":{"line":27,"column":47}},"20":{"start":{"line":29,"column":12},"end":{"line":29,"column":73}},"21":{"start":{"line":31,"column":26},"end":{"line":31,"column":27}},"22":{"start":{"line":32,"column":10},"end":{"line":37,"column":13}},"23":{"start":{"line":33,"column":12},"end":{"line":36,"column":13}},"24":{"start":{"line":34,"column":14},"end":{"line":34,"column":47}},"25":{"start":{"line":35,"column":14},"end":{"line":35,"column":28}},"26":{"start":{"line":38,"column":10},"end":{"line":40,"column":11}},"27":{"start":{"line":39,"column":12},"end":{"line":39,"column":38}},"28":{"start":{"line":44,"column":4},"end":{"line":44,"column":32}},"29":{"start":{"line":46,"column":2},"end":{"line":46,"column":16}},"30":{"start":{"line":49,"column":19},"end":{"line":53,"column":1}},"31":{"start":{"line":55,"column":16},"end":{"line":55,"column":40}},"32":{"start":{"line":57,"column":0},"end":{"line":57,"column":14}},"33":{"start":{"line":59,"column":0},"end":{"line":59,"column":24}}},"fnMap":{"0":{"name":"setUpAttacks","decl":{"start":{"line":1,"column":9},"end":{"line":1,"column":21}},"loc":{"start":{"line":1,"column":29},"end":{"line":47,"column":1}},"line":1},"1":{"name":"checkHealth","decl":{"start":{"line":4,"column":11},"end":{"line":4,"column":22}},"loc":{"start":{"line":4,"column":28},"end":{"line":10,"column":3}},"line":4},"2":{"name":"(anonymous_2)","decl":{"start":{"line":6,"column":16},"end":{"line":6,"column":17}},"loc":{"start":{"line":6,"column":26},"end":{"line":8,"column":5}},"line":6},"3":{"name":"(anonymous_3)","decl":{"start":{"line":12,"column":16},"end":{"line":12,"column":17}},"loc":{"start":{"line":12,"column":26},"end":{"line":45,"column":3}},"line":12},"4":{"name":"createFunction","decl":{"start":{"line":14,"column":13},"end":{"line":14,"column":27}},"loc":{"start":{"line":14,"column":33},"end":{"line":43,"column":5}},"line":14},"5":{"name":"(anonymous_5)","decl":{"start":{"line":18,"column":20},"end":{"line":18,"column":21}},"loc":{"start":{"line":18,"column":35},"end":{"line":42,"column":7}},"line":18},"6":{"name":"(anonymous_6)","decl":{"start":{"line":21,"column":31},"end":{"line":21,"column":32}},"loc":{"start":{"line":21,"column":42},"end":{"line":21,"column":61}},"line":21},"7":{"name":"(anonymous_7)","decl":{"start":{"line":32,"column":24},"end":{"line":32,"column":25}},"loc":{"start":{"line":32,"column":32},"end":{"line":37,"column":11}},"line":32}},"branchMap":{"0":{"loc":{"start":{"line":7,"column":6},"end":{"line":7,"column":39}},"type":"cond-expr","locations":[{"start":{"line":7,"column":26},"end":{"line":7,"column":35}},{"start":{"line":7,"column":38},"end":{"line":7,"column":39}}],"line":7},"1":{"loc":{"start":{"line":19,"column":8},"end":{"line":23,"column":9}},"type":"if","locations":[{"start":{"line":19,"column":8},"end":{"line":23,"column":9}},{"start":{},"end":{}}],"line":19},"2":{"loc":{"start":{"line":24,"column":8},"end":{"line":41,"column":9}},"type":"if","locations":[{"start":{"line":24,"column":8},"end":{"line":41,"column":9}},{"start":{},"end":{}}],"line":24},"3":{"loc":{"start":{"line":26,"column":10},"end":{"line":30,"column":11}},"type":"if","locations":[{"start":{"line":26,"column":10},"end":{"line":30,"column":11}},{"start":{"line":28,"column":17},"end":{"line":30,"column":11}}],"line":26},"4":{"loc":{"start":{"line":33,"column":12},"end":{"line":36,"column":13}},"type":"if","locations":[{"start":{"line":33,"column":12},"end":{"line":36,"column":13}},{"start":{},"end":{}}],"line":33},"5":{"loc":{"start":{"line":38,"column":10},"end":{"line":40,"column":11}},"type":"if","locations":[{"start":{"line":38,"column":10},"end":{"line":40,"column":11}},{"start":{},"end":{}}],"line":38}},"s":{"0":3,"1":5,"2":5,"3":15,"4":5,"5":3,"6":9,"7":5,"8":5,"9":5,"10":5,"11":15,"12":2,"13":2,"14":8,"15":2,"16":15,"17":13,"18":13,"19":8,"20":5,"21":13,"22":13,"23":39,"24":2,"25":2,"26":13,"27":2,"28":9,"29":3,"30":1,"31":1,"32":1,"33":1},"f":{"0":3,"1":5,"2":15,"3":9,"4":5,"5":15,"6":8,"7":39},"b":{"0":[2,13],"1":[2,13],"2":[13,2],"3":[8,5],"4":[2,37],"5":[2,11]},"_coverageSchema":"1a1c01bbd47fc00a2c39e90264f33305004495a9","hash":"651d35fa260cfa4cac994f7bbd03487c7897cde0"}
}
