TN:
SF:src/js/app.js
FN:1,(anonymous_0)
FNF:1
FNH:1
FNDA:3,(anonymous_0)
DA:1,1
DA:2,3
DA:3,1
DA:5,2
DA:8,1
DA:9,1
DA:11,1
LF:7
LH:7
BRDA:2,0,0,1
BRDA:2,0,1,2
BRDA:2,1,0,3
BRDA:2,1,1,1
BRF:4
BRH:4
end_of_record
TN:
SF:src/js/closures.js
FN:7,findBy
FN:8,(anonymous_1)
FNF:2
FNH:2
FNDA:2,findBy
FNDA:4,(anonymous_1)
DA:1,1
DA:8,4
DA:11,1
LF:3
LH:3
BRF:0
BRH:0
end_of_record
TN:
SF:src/js/closures2.js
FN:1,setUpAttacks
FN:4,checkHealth
FN:6,(anonymous_2)
FN:12,(anonymous_3)
FN:14,createFunction
FN:18,(anonymous_5)
FN:21,(anonymous_6)
FN:32,(anonymous_7)
FNF:8
FNH:8
FNDA:3,setUpAttacks
FNDA:5,checkHealth
FNDA:15,(anonymous_2)
FNDA:9,(anonymous_3)
FNDA:5,createFunction
FNDA:15,(anonymous_5)
FNDA:8,(anonymous_6)
FNDA:39,(anonymous_7)
DA:2,3
DA:5,5
DA:6,5
DA:7,15
DA:9,5
DA:12,3
DA:13,9
DA:15,5
DA:16,5
DA:17,5
DA:18,5
DA:19,15
DA:20,2
DA:21,8
DA:22,2
DA:24,15
DA:25,13
DA:26,13
DA:27,8
DA:29,5
DA:31,13
DA:32,13
DA:33,39
DA:34,2
DA:35,2
DA:38,13
DA:39,2
DA:44,9
DA:46,3
DA:49,1
DA:55,1
DA:57,1
DA:59,1
LF:33
LH:33
BRDA:7,0,0,2
BRDA:7,0,1,13
BRDA:19,1,0,2
BRDA:19,1,1,13
BRDA:24,2,0,13
BRDA:24,2,1,2
BRDA:26,3,0,8
BRDA:26,3,1,5
BRDA:33,4,0,2
BRDA:33,4,1,37
BRDA:38,5,0,2
BRDA:38,5,1,11
BRF:12
BRH:12
end_of_record
